Sat Mar 21 16:45:18 2026       
+-----------------------------------------------------------------------------------------+
| NVIDIA-SMI 580.95.05              Driver Version: 580.95.05      CUDA Version: 13.0     |
+-----------------------------------------+------------------------+----------------------+
| GPU  Name                 Persistence-M | Bus-Id          Disp.A | Volatile Uncorr. ECC |
| Fan  Temp   Perf          Pwr:Usage/Cap |           Memory-Usage | GPU-Util  Compute M. |
|                                         |                        |               MIG M. |
|=========================================+========================+======================|
|   0  NVIDIA RTX A6000               Off |   00000000:01:00.0 Off |                  Off |
| 30%   34C    P8             29W /  300W |      35MiB /  49140MiB |      0%      Default |
|                                         |                        |                  N/A |
+-----------------------------------------+------------------------+----------------------+

+-----------------------------------------------------------------------------------------+
| Processes:                                                                              |
|  GPU   GI   CI              PID   Type   Process name                        GPU Memory |
|        ID   ID                                                               Usage      |
|=========================================================================================|
|    0   N/A  N/A           19993      G   /usr/libexec/Xorg                         9MiB |
|    0   N/A  N/A           20218      G   /usr/bin/gnome-shell                      4MiB |
+-----------------------------------------------------------------------------------------+
/apps/software/standard/core/cuda/12.8.0/bin/nvcc
GPU: NVIDIA_RTX_A6000
Env: /scratch/rhm4nj/gpu_arch/envs/a6000-env
Reusing existing environment: /scratch/rhm4nj/gpu_arch/envs/a6000-env
which python (after):
/sfs/weka/scratch/rhm4nj/gpu_arch/envs/a6000-env/bin/python
working in dir:
/scratch/rhm4nj/gpu_arch/gsplat-fork/examples
Running garden
Warning: image_path not found for reconstruction
[Parser] 185 images, taken by 1 cameras.
Downscaling images by 4x from data/360_v2/garden/images to data/360_v2/garden/images_4_png.
[Parser] No valid EXIF exposure data found in any image.
Scene scale: 1.2265263065808907
Model initialized. Number of GS: 138766
