Tue Mar 24 00:33:30 2026       
+-----------------------------------------------------------------------------------------+
| NVIDIA-SMI 580.95.05              Driver Version: 580.95.05      CUDA Version: 13.0     |
+-----------------------------------------+------------------------+----------------------+
| GPU  Name                 Persistence-M | Bus-Id          Disp.A | Volatile Uncorr. ECC |
| Fan  Temp   Perf          Pwr:Usage/Cap |           Memory-Usage | GPU-Util  Compute M. |
|                                         |                        |               MIG M. |
|=========================================+========================+======================|
|   0  NVIDIA RTX A6000               Off |   00000000:01:00.0 Off |                  Off |
| 30%   39C    P8             35W /  300W |      43MiB /  49140MiB |      0%      Default |
|                                         |                        |                  N/A |
+-----------------------------------------+------------------------+----------------------+

+-----------------------------------------------------------------------------------------+
| Processes:                                                                              |
|  GPU   GI   CI              PID   Type   Process name                        GPU Memory |
|        ID   ID                                                               Usage      |
|=========================================================================================|
|    0   N/A  N/A           28056      G   /usr/libexec/Xorg                         9MiB |
|    0   N/A  N/A           28256      G   /usr/bin/gnome-shell                      4MiB |
+-----------------------------------------------------------------------------------------+
/apps/software/standard/core/cuda/12.8.0/bin/nvcc
GPU: NVIDIA_RTX_A6000
Env: /scratch/rhm4nj/gpu_arch/envs/a6000-env
Reusing existing environment: /scratch/rhm4nj/gpu_arch/envs/a6000-env
which python (after):
/sfs/weka/scratch/rhm4nj/gpu_arch/envs/a6000-env/bin/python
working in dir:
/scratch/rhm4nj/gpu_arch/gsplat-fork/examples
Running garden
Warning: image_path not found for reconstruction
[Parser] 185 images, taken by 1 cameras.
Downscaling images by 4x from data/360_v2/garden/images to data/360_v2/garden/images_4_png.
[Parser] No valid EXIF exposure data found in any image.
Scene scale: 1.2265263065808907
Model initialized. Number of GS: 138766
Step 600: 0 GSs duplicated, 0 GSs split. Now having 138766 GSs.
Step 600: 13 GSs pruned. Now having 138753 GSs.
Step 700: 4 GSs duplicated, 1 GSs split. Now having 138758 GSs.
Step 700: 26 GSs pruned. Now having 138732 GSs.
Step 800: 26 GSs duplicated, 14 GSs split. Now having 138772 GSs.
Step 800: 44 GSs pruned. Now having 138728 GSs.
Step 900: 22 GSs duplicated, 15 GSs split. Now having 138765 GSs.
Step 900: 41 GSs pruned. Now having 138724 GSs.
Step 1000: 23 GSs duplicated, 24 GSs split. Now having 138771 GSs.
Step 1000: 47 GSs pruned. Now having 138724 GSs.
Step 1100: 46 GSs duplicated, 25 GSs split. Now having 138795 GSs.
Step 1100: 77 GSs pruned. Now having 138718 GSs.
Step 1200: 57 GSs duplicated, 39 GSs split. Now having 138814 GSs.
Step 1200: 77 GSs pruned. Now having 138737 GSs.
Step 1300: 45 GSs duplicated, 32 GSs split. Now having 138814 GSs.
Step 1300: 69 GSs pruned. Now having 138745 GSs.
Step 1400: 76 GSs duplicated, 39 GSs split. Now having 138860 GSs.
Step 1400: 60 GSs pruned. Now having 138800 GSs.
Step 1500: 72 GSs duplicated, 38 GSs split. Now having 138910 GSs.
Step 1500: 88 GSs pruned. Now having 138822 GSs.
Step 1600: 99 GSs duplicated, 80 GSs split. Now having 139001 GSs.
Step 1600: 61 GSs pruned. Now having 138940 GSs.
Step 1700: 124 GSs duplicated, 75 GSs split. Now having 139139 GSs.
Step 1700: 85 GSs pruned. Now having 139054 GSs.
Step 1800: 120 GSs duplicated, 84 GSs split. Now having 139258 GSs.
Step 1800: 66 GSs pruned. Now having 139192 GSs.
Step 1900: 128 GSs duplicated, 92 GSs split. Now having 139412 GSs.
Step 1900: 66 GSs pruned. Now having 139346 GSs.
Step 2000: 123 GSs duplicated, 75 GSs split. Now having 139544 GSs.
Step 2000: 78 GSs pruned. Now having 139466 GSs.
Step 2100: 120 GSs duplicated, 97 GSs split. Now having 139683 GSs.
Step 2100: 75 GSs pruned. Now having 139608 GSs.
Step 2200: 153 GSs duplicated, 96 GSs split. Now having 139857 GSs.
Step 2200: 77 GSs pruned. Now having 139780 GSs.
Step 2300: 128 GSs duplicated, 94 GSs split. Now having 140002 GSs.
Step 2300: 64 GSs pruned. Now having 139938 GSs.
Step 2400: 141 GSs duplicated, 104 GSs split. Now having 140183 GSs.
Step 2400: 66 GSs pruned. Now having 140117 GSs.
Step 2500: 136 GSs duplicated, 91 GSs split. Now having 140344 GSs.
Step 2500: 64 GSs pruned. Now having 140280 GSs.
Step 2600: 191 GSs duplicated, 142 GSs split. Now having 140613 GSs.
Step 2600: 66 GSs pruned. Now having 140547 GSs.
Step 2700: 178 GSs duplicated, 109 GSs split. Now having 140834 GSs.
Step 2700: 60 GSs pruned. Now having 140774 GSs.
Step 2800: 199 GSs duplicated, 115 GSs split. Now having 141088 GSs.
Step 2800: 66 GSs pruned. Now having 141022 GSs.
Step 2900: 138 GSs duplicated, 111 GSs split. Now having 141271 GSs.
Step 2900: 69 GSs pruned. Now having 141202 GSs.
Step 3000: 140 GSs duplicated, 111 GSs split. Now having 141453 GSs.
Step 3000: 53 GSs pruned. Now having 141400 GSs.
Step 3100: 2 GSs duplicated, 1 GSs split. Now having 141403 GSs.
Step 3100: 6595 GSs pruned. Now having 134808 GSs.
Step 3200: 101 GSs duplicated, 98 GSs split. Now having 135007 GSs.
Step 3200: 553 GSs pruned. Now having 134454 GSs.
Step 3300: 153 GSs duplicated, 74 GSs split. Now having 134681 GSs.
Step 3300: 186 GSs pruned. Now having 134495 GSs.
Step 3400: 188 GSs duplicated, 116 GSs split. Now having 134799 GSs.
Step 3400: 121 GSs pruned. Now having 134678 GSs.
Step 3500: 208 GSs duplicated, 139 GSs split. Now having 135025 GSs.
Step 3500: 95 GSs pruned. Now having 134930 GSs.
Step 3600: 221 GSs duplicated, 136 GSs split. Now having 135287 GSs.
Step 3600: 103 GSs pruned. Now having 135184 GSs.
Step 3700: 195 GSs duplicated, 141 GSs split. Now having 135520 GSs.
Step 3700: 107 GSs pruned. Now having 135413 GSs.
Step 3800: 221 GSs duplicated, 139 GSs split. Now having 135773 GSs.
Step 3800: 86 GSs pruned. Now having 135687 GSs.
Step 3900: 205 GSs duplicated, 159 GSs split. Now having 136051 GSs.
Step 3900: 80 GSs pruned. Now having 135971 GSs.
Step 4000: 190 GSs duplicated, 131 GSs split. Now having 136292 GSs.
Step 4000: 87 GSs pruned. Now having 136205 GSs.
Step 4100: 212 GSs duplicated, 123 GSs split. Now having 136540 GSs.
Step 4100: 89 GSs pruned. Now having 136451 GSs.
Step 4200: 149 GSs duplicated, 92 GSs split. Now having 136692 GSs.
Step 4200: 70 GSs pruned. Now having 136622 GSs.
Step 4300: 176 GSs duplicated, 143 GSs split. Now having 136941 GSs.
Step 4300: 89 GSs pruned. Now having 136852 GSs.
Step 4400: 184 GSs duplicated, 106 GSs split. Now having 137142 GSs.
Step 4400: 97 GSs pruned. Now having 137045 GSs.
Step 4500: 219 GSs duplicated, 138 GSs split. Now having 137402 GSs.
Step 4500: 83 GSs pruned. Now having 137319 GSs.
Step 4600: 205 GSs duplicated, 138 GSs split. Now having 137662 GSs.
Step 4600: 93 GSs pruned. Now having 137569 GSs.
Step 4700: 166 GSs duplicated, 112 GSs split. Now having 137847 GSs.
Step 4700: 82 GSs pruned. Now having 137765 GSs.
Step 4800: 229 GSs duplicated, 136 GSs split. Now having 138130 GSs.
Step 4800: 80 GSs pruned. Now having 138050 GSs.
Step 4900: 182 GSs duplicated, 121 GSs split. Now having 138353 GSs.
Step 4900: 75 GSs pruned. Now having 138278 GSs.
Step 5000: 232 GSs duplicated, 159 GSs split. Now having 138669 GSs.
Step 5000: 70 GSs pruned. Now having 138599 GSs.
Step 5100: 189 GSs duplicated, 118 GSs split. Now having 138906 GSs.
Step 5100: 71 GSs pruned. Now having 138835 GSs.
Step 5200: 198 GSs duplicated, 103 GSs split. Now having 139136 GSs.
Step 5200: 73 GSs pruned. Now having 139063 GSs.
Step 5300: 207 GSs duplicated, 131 GSs split. Now having 139401 GSs.
Step 5300: 81 GSs pruned. Now having 139320 GSs.
Step 5400: 173 GSs duplicated, 101 GSs split. Now having 139594 GSs.
Step 5400: 79 GSs pruned. Now having 139515 GSs.
Step 5500: 216 GSs duplicated, 131 GSs split. Now having 139862 GSs.
Step 5500: 63 GSs pruned. Now having 139799 GSs.
Step 5600: 197 GSs duplicated, 112 GSs split. Now having 140108 GSs.
Step 5600: 80 GSs pruned. Now having 140028 GSs.
Step 5700: 208 GSs duplicated, 135 GSs split. Now having 140371 GSs.
Step 5700: 80 GSs pruned. Now having 140291 GSs.
Step 5800: 206 GSs duplicated, 124 GSs split. Now having 140621 GSs.
Step 5800: 95 GSs pruned. Now having 140526 GSs.
Step 5900: 189 GSs duplicated, 99 GSs split. Now having 140814 GSs.
Step 5900: 74 GSs pruned. Now having 140740 GSs.
Step 6000: 175 GSs duplicated, 102 GSs split. Now having 141017 GSs.
Step 6000: 69 GSs pruned. Now having 140948 GSs.
Step 6100: 14 GSs duplicated, 7 GSs split. Now having 140969 GSs.
Step 6100: 3251 GSs pruned. Now having 137718 GSs.
Step 6200: 113 GSs duplicated, 78 GSs split. Now having 137909 GSs.
Step 6200: 192 GSs pruned. Now having 137717 GSs.
Step 6300: 170 GSs duplicated, 97 GSs split. Now having 137984 GSs.
Step 6300: 68 GSs pruned. Now having 137916 GSs.
Step 6400: 184 GSs duplicated, 116 GSs split. Now having 138216 GSs.
Step 6400: 84 GSs pruned. Now having 138132 GSs.
Step 6500: 224 GSs duplicated, 136 GSs split. Now having 138492 GSs.
Step 6500: 56 GSs pruned. Now having 138436 GSs.
Step 6600: 212 GSs duplicated, 135 GSs split. Now having 138783 GSs.
Step 6600: 67 GSs pruned. Now having 138716 GSs.
Step 6700: 253 GSs duplicated, 129 GSs split. Now having 139098 GSs.
Step 6700: 87 GSs pruned. Now having 139011 GSs.
Step 6800: 223 GSs duplicated, 134 GSs split. Now having 139368 GSs.
Step 6800: 69 GSs pruned. Now having 139299 GSs.
Step 6900: 184 GSs duplicated, 123 GSs split. Now having 139606 GSs.
Step 6900: 63 GSs pruned. Now having 139543 GSs.
Step:  6999 {'mem': 2.270054340362549, 'ellipse_time': 172.29339146614075, 'num_GS': 139543}
Step 7000: 256 GSs duplicated, 122 GSs split. Now having 139921 GSs.
Step 7000: 60 GSs pruned. Now having 139861 GSs.
Step 7100: 193 GSs duplicated, 117 GSs split. Now having 140171 GSs.
Step 7100: 77 GSs pruned. Now having 140094 GSs.
Step 7200: 258 GSs duplicated, 168 GSs split. Now having 140520 GSs.
Step 7200: 65 GSs pruned. Now having 140455 GSs.
Step 7300: 188 GSs duplicated, 101 GSs split. Now having 140744 GSs.
Step 7300: 82 GSs pruned. Now having 140662 GSs.
Step 7400: 272 GSs duplicated, 140 GSs split. Now having 141074 GSs.
Step 7400: 70 GSs pruned. Now having 141004 GSs.
Step 7500: 204 GSs duplicated, 138 GSs split. Now having 141346 GSs.
Step 7500: 68 GSs pruned. Now having 141278 GSs.
Step 7600: 266 GSs duplicated, 123 GSs split. Now having 141667 GSs.
Step 7600: 67 GSs pruned. Now having 141600 GSs.
Step 7700: 268 GSs duplicated, 159 GSs split. Now having 142027 GSs.
Step 7700: 80 GSs pruned. Now having 141947 GSs.
Step 7800: 197 GSs duplicated, 121 GSs split. Now having 142265 GSs.
Step 7800: 60 GSs pruned. Now having 142205 GSs.
Step 7900: 222 GSs duplicated, 115 GSs split. Now having 142542 GSs.
Step 7900: 75 GSs pruned. Now having 142467 GSs.
Step 8000: 209 GSs duplicated, 137 GSs split. Now having 142813 GSs.
Step 8000: 62 GSs pruned. Now having 142751 GSs.
Step 8100: 186 GSs duplicated, 93 GSs split. Now having 143030 GSs.
Step 8100: 71 GSs pruned. Now having 142959 GSs.
Step 8200: 209 GSs duplicated, 130 GSs split. Now having 143298 GSs.
Step 8200: 77 GSs pruned. Now having 143221 GSs.
Step 8300: 214 GSs duplicated, 128 GSs split. Now having 143563 GSs.
Step 8300: 73 GSs pruned. Now having 143490 GSs.
Step 8400: 273 GSs duplicated, 153 GSs split. Now having 143916 GSs.
Step 8400: 70 GSs pruned. Now having 143846 GSs.
Step 8500: 223 GSs duplicated, 136 GSs split. Now having 144205 GSs.
Step 8500: 74 GSs pruned. Now having 144131 GSs.
Step 8600: 205 GSs duplicated, 120 GSs split. Now having 144456 GSs.
Step 8600: 81 GSs pruned. Now having 144375 GSs.
Step 8700: 218 GSs duplicated, 136 GSs split. Now having 144729 GSs.
Step 8700: 70 GSs pruned. Now having 144659 GSs.
Step 8800: 219 GSs duplicated, 115 GSs split. Now having 144993 GSs.
Step 8800: 63 GSs pruned. Now having 144930 GSs.
Step 8900: 225 GSs duplicated, 131 GSs split. Now having 145286 GSs.
Step 8900: 72 GSs pruned. Now having 145214 GSs.
Step 9000: 257 GSs duplicated, 163 GSs split. Now having 145634 GSs.
Step 9000: 73 GSs pruned. Now having 145561 GSs.
Step 9100: 3 GSs duplicated, 5 GSs split. Now having 145569 GSs.
Step 9100: 1396 GSs pruned. Now having 144173 GSs.
Step 9200: 161 GSs duplicated, 98 GSs split. Now having 144432 GSs.
Step 9200: 170 GSs pruned. Now having 144262 GSs.
Step 9300: 269 GSs duplicated, 180 GSs split. Now having 144711 GSs.
Step 9300: 72 GSs pruned. Now having 144639 GSs.
Step 9400: 251 GSs duplicated, 151 GSs split. Now having 145041 GSs.
Step 9400: 79 GSs pruned. Now having 144962 GSs.
Step 9500: 275 GSs duplicated, 157 GSs split. Now having 145394 GSs.
Step 9500: 67 GSs pruned. Now having 145327 GSs.
Step 9600: 259 GSs duplicated, 169 GSs split. Now having 145755 GSs.
Step 9600: 76 GSs pruned. Now having 145679 GSs.
Step 9700: 280 GSs duplicated, 139 GSs split. Now having 146098 GSs.
Step 9700: 71 GSs pruned. Now having 146027 GSs.
Step 9800: 296 GSs duplicated, 168 GSs split. Now having 146491 GSs.
Step 9800: 69 GSs pruned. Now having 146422 GSs.
Step 9900: 281 GSs duplicated, 121 GSs split. Now having 146824 GSs.
Step 9900: 54 GSs pruned. Now having 146770 GSs.
Step 10000: 276 GSs duplicated, 142 GSs split. Now having 147188 GSs.
Step 10000: 61 GSs pruned. Now having 147127 GSs.
Step 10100: 228 GSs duplicated, 113 GSs split. Now having 147468 GSs.
Step 10100: 72 GSs pruned. Now having 147396 GSs.
Step 10200: 257 GSs duplicated, 124 GSs split. Now having 147777 GSs.
Step 10200: 60 GSs pruned. Now having 147717 GSs.
Step 10300: 272 GSs duplicated, 105 GSs split. Now having 148094 GSs.
Step 10300: 68 GSs pruned. Now having 148026 GSs.
Step 10400: 240 GSs duplicated, 103 GSs split. Now having 148369 GSs.
Step 10400: 80 GSs pruned. Now having 148289 GSs.
Step 10500: 343 GSs duplicated, 164 GSs split. Now having 148796 GSs.
Step 10500: 75 GSs pruned. Now having 148721 GSs.
Step 10600: 209 GSs duplicated, 129 GSs split. Now having 149059 GSs.
Step 10600: 73 GSs pruned. Now having 148986 GSs.
Step 10700: 306 GSs duplicated, 147 GSs split. Now having 149439 GSs.
Step 10700: 58 GSs pruned. Now having 149381 GSs.
Step 10800: 271 GSs duplicated, 125 GSs split. Now having 149777 GSs.
Step 10800: 61 GSs pruned. Now having 149716 GSs.
Step 10900: 335 GSs duplicated, 146 GSs split. Now having 150197 GSs.
Step 10900: 57 GSs pruned. Now having 150140 GSs.
Step 11000: 192 GSs duplicated, 93 GSs split. Now having 150425 GSs.
Step 11000: 72 GSs pruned. Now having 150353 GSs.
Step 11100: 250 GSs duplicated, 131 GSs split. Now having 150734 GSs.
Step 11100: 56 GSs pruned. Now having 150678 GSs.
Step 11200: 280 GSs duplicated, 125 GSs split. Now having 151083 GSs.
Step 11200: 72 GSs pruned. Now having 151011 GSs.
Step 11300: 320 GSs duplicated, 138 GSs split. Now having 151469 GSs.
Step 11300: 62 GSs pruned. Now having 151407 GSs.
Step 11400: 276 GSs duplicated, 135 GSs split. Now having 151818 GSs.
Step 11400: 72 GSs pruned. Now having 151746 GSs.
Step 11500: 224 GSs duplicated, 88 GSs split. Now having 152058 GSs.
Step 11500: 68 GSs pruned. Now having 151990 GSs.
Step 11600: 308 GSs duplicated, 125 GSs split. Now having 152423 GSs.
Step 11600: 73 GSs pruned. Now having 152350 GSs.
Step 11700: 261 GSs duplicated, 140 GSs split. Now having 152751 GSs.
Step 11700: 62 GSs pruned. Now having 152689 GSs.
Step 11800: 311 GSs duplicated, 147 GSs split. Now having 153147 GSs.
Step 11800: 71 GSs pruned. Now having 153076 GSs.
Step 11900: 248 GSs duplicated, 114 GSs split. Now having 153438 GSs.
Step 11900: 69 GSs pruned. Now having 153369 GSs.
Step 12000: 281 GSs duplicated, 122 GSs split. Now having 153772 GSs.
Step 12000: 47 GSs pruned. Now having 153725 GSs.
Step 12100: 20 GSs duplicated, 12 GSs split. Now having 153757 GSs.
Step 12100: 1228 GSs pruned. Now having 152529 GSs.
Step 12200: 136 GSs duplicated, 94 GSs split. Now having 152759 GSs.
Step 12200: 140 GSs pruned. Now having 152619 GSs.
Step 12300: 265 GSs duplicated, 146 GSs split. Now having 153030 GSs.
Step 12300: 74 GSs pruned. Now having 152956 GSs.
Step 12400: 226 GSs duplicated, 111 GSs split. Now having 153293 GSs.
Step 12400: 71 GSs pruned. Now having 153222 GSs.
Step 12500: 253 GSs duplicated, 130 GSs split. Now having 153605 GSs.
Step 12500: 77 GSs pruned. Now having 153528 GSs.
Step 12600: 317 GSs duplicated, 155 GSs split. Now having 154000 GSs.
Step 12600: 51 GSs pruned. Now having 153949 GSs.
Step 12700: 276 GSs duplicated, 137 GSs split. Now having 154362 GSs.
Step 12700: 64 GSs pruned. Now having 154298 GSs.
Step 12800: 267 GSs duplicated, 125 GSs split. Now having 154690 GSs.
Step 12800: 80 GSs pruned. Now having 154610 GSs.
Step 12900: 342 GSs duplicated, 160 GSs split. Now having 155112 GSs.
Step 12900: 54 GSs pruned. Now having 155058 GSs.
Step 13000: 312 GSs duplicated, 134 GSs split. Now having 155504 GSs.
Step 13000: 61 GSs pruned. Now having 155443 GSs.
Step 13100: 316 GSs duplicated, 162 GSs split. Now having 155921 GSs.
Step 13100: 72 GSs pruned. Now having 155849 GSs.
Step 13200: 296 GSs duplicated, 159 GSs split. Now having 156304 GSs.
Step 13200: 68 GSs pruned. Now having 156236 GSs.
Step 13300: 283 GSs duplicated, 168 GSs split. Now having 156687 GSs.
Step 13300: 54 GSs pruned. Now having 156633 GSs.
Step 13400: 280 GSs duplicated, 134 GSs split. Now having 157047 GSs.
Step 13400: 63 GSs pruned. Now having 156984 GSs.
Step 13500: 278 GSs duplicated, 141 GSs split. Now having 157403 GSs.
Step 13500: 81 GSs pruned. Now having 157322 GSs.
Step 13600: 310 GSs duplicated, 157 GSs split. Now having 157789 GSs.
Step 13600: 66 GSs pruned. Now having 157723 GSs.
Step 13700: 314 GSs duplicated, 152 GSs split. Now having 158189 GSs.
Step 13700: 65 GSs pruned. Now having 158124 GSs.
Step 13800: 247 GSs duplicated, 137 GSs split. Now having 158508 GSs.
Step 13800: 66 GSs pruned. Now having 158442 GSs.
Step 13900: 270 GSs duplicated, 122 GSs split. Now having 158834 GSs.
Step 13900: 61 GSs pruned. Now having 158773 GSs.
Step 14000: 254 GSs duplicated, 127 GSs split. Now having 159154 GSs.
Step 14000: 67 GSs pruned. Now having 159087 GSs.
Step 14100: 229 GSs duplicated, 117 GSs split. Now having 159433 GSs.
Step 14100: 69 GSs pruned. Now having 159364 GSs.
Step 14200: 290 GSs duplicated, 150 GSs split. Now having 159804 GSs.
Step 14200: 47 GSs pruned. Now having 159757 GSs.
Step 14300: 245 GSs duplicated, 119 GSs split. Now having 160121 GSs.
Step 14300: 63 GSs pruned. Now having 160058 GSs.
Step 14400: 208 GSs duplicated, 123 GSs split. Now having 160389 GSs.
Step 14400: 54 GSs pruned. Now having 160335 GSs.
Step 14500: 302 GSs duplicated, 163 GSs split. Now having 160800 GSs.
Step 14500: 71 GSs pruned. Now having 160729 GSs.
Step 14600: 228 GSs duplicated, 115 GSs split. Now having 161072 GSs.
Step 14600: 76 GSs pruned. Now having 160996 GSs.
Step 14700: 222 GSs duplicated, 110 GSs split. Now having 161328 GSs.
Step 14700: 76 GSs pruned. Now having 161252 GSs.
Step 14800: 160 GSs duplicated, 88 GSs split. Now having 161500 GSs.
Step 14800: 64 GSs pruned. Now having 161436 GSs.
Step 14900: 214 GSs duplicated, 108 GSs split. Now having 161758 GSs.
Step 14900: 62 GSs pruned. Now having 161696 GSs.
